<?xml version="1.0" encoding="UTF-8"?>
<!-- Generated by org.testng.reporters.JUnitReportReporter -->
<testsuite hostname="LAPTOP-0STQ7AK3" failures="0" tests="1" name="com.testrun.ReadConfigFile" time="0.006" errors="0" timestamp="2023-05-31T08:38:39 EDT" skipped="0">
  <testcase classname="com.testrun.ReadConfigFile" name="getValue" time="0.006"/>
  <system-out/>
</testsuite> <!-- com.testrun.ReadConfigFile -->
