<?xml version="1.0" encoding="UTF-8"?>
<!-- Generated by org.testng.reporters.JUnitReportReporter -->
<testsuite hostname="LAPTOP-0STQ7AK3" failures="0" tests="1" name="com.testrun.Runner" time="5.546" errors="0" timestamp="2023-05-20T20:33:42 EDT" skipped="0">
  <testcase classname="com.testrun.Runner" name="runScenario" time="5.546"/>
  <system-out/>
</testsuite> <!-- com.testrun.Runner -->
